2025-06-02T10:50:11.870+08:00  INFO 14645 --- [ai-agent] [main] c.ustc.myy.aiagent.AiAgentApplication    : Starting AiAgentApplication using Java 21.0.7 with PID 14645 (/Users/yangyangmiao/Desktop/myy/backend/java/spring-ai-demo/ai-agent/target/classes started by yangyangmiao in /Users/yangyangmiao/Desktop/myy/backend/java/spring-ai-demo)
2025-06-02T10:50:11.871+08:00  INFO 14645 --- [ai-agent] [main] c.ustc.myy.aiagent.AiAgentApplication    : No active profile set, falling back to 1 default profile: "default"
2025-06-02T10:50:12.153+08:00  INFO 14645 --- [ai-agent] [main] .s.d.r.c.RepositoryConfigurationDelegate : Bootstrapping Spring Data JPA repositories in DEFAULT mode.
2025-06-02T10:50:12.219+08:00  INFO 14645 --- [ai-agent] [main] .s.d.r.c.RepositoryConfigurationDelegate : Finished Spring Data repository scanning in 62 ms. Found 5 JPA repository interfaces.
2025-06-02T10:50:12.306+08:00  WARN 14645 --- [ai-agent] [main] onfigReactiveWebServerApplicationContext : Exception encountered during context initialization - cancelling refresh attempt: org.springframework.context.ApplicationContextException: Unable to start reactive web server
2025-06-02T10:50:12.310+08:00  INFO 14645 --- [ai-agent] [main] .s.b.a.l.ConditionEvaluationReportLogger : 

Error starting ApplicationContext. To display the condition evaluation report re-run your application with 'debug' enabled.
2025-06-02T10:50:12.320+08:00 ERROR 14645 --- [ai-agent] [main] o.s.b.d.LoggingFailureAnalysisReporter   : 

***************************
APPLICATION FAILED TO START
***************************

Description:

Web application could not be started as there was no org.springframework.boot.web.reactive.server.ReactiveWebServerFactory bean defined in the context.

Action:

Check your application's dependencies for a supported reactive web server.
Check the configured web application type.

2025-06-02T10:51:38.601+08:00  INFO 14745 --- [ai-agent] [main] c.ustc.myy.aiagent.AiAgentApplication    : Starting AiAgentApplication using Java 21.0.7 with PID 14745 (/Users/yangyangmiao/Desktop/myy/backend/java/spring-ai-demo/ai-agent/target/classes started by yangyangmiao in /Users/yangyangmiao/Desktop/myy/backend/java/spring-ai-demo)
2025-06-02T10:51:38.602+08:00  INFO 14745 --- [ai-agent] [main] c.ustc.myy.aiagent.AiAgentApplication    : No active profile set, falling back to 1 default profile: "default"
2025-06-02T10:51:38.888+08:00  INFO 14745 --- [ai-agent] [main] .s.d.r.c.RepositoryConfigurationDelegate : Bootstrapping Spring Data JPA repositories in DEFAULT mode.
2025-06-02T10:51:38.958+08:00  INFO 14745 --- [ai-agent] [main] .s.d.r.c.RepositoryConfigurationDelegate : Finished Spring Data repository scanning in 66 ms. Found 5 JPA repository interfaces.
2025-06-02T10:51:39.127+08:00  INFO 14745 --- [ai-agent] [main] o.s.b.w.embedded.tomcat.TomcatWebServer  : Tomcat initialized with port 10086 (http)
2025-06-02T10:51:39.134+08:00  INFO 14745 --- [ai-agent] [main] o.apache.catalina.core.StandardService   : Starting service [Tomcat]
2025-06-02T10:51:39.134+08:00  INFO 14745 --- [ai-agent] [main] o.apache.catalina.core.StandardEngine    : Starting Servlet engine: [Apache Tomcat/10.1.41]
2025-06-02T10:51:39.155+08:00  INFO 14745 --- [ai-agent] [main] o.a.c.c.C.[Tomcat].[localhost].[/]       : Initializing Spring embedded WebApplicationContext
2025-06-02T10:51:39.155+08:00  INFO 14745 --- [ai-agent] [main] w.s.c.ServletWebServerApplicationContext : Root WebApplicationContext: initialization completed in 538 ms
2025-06-02T10:51:39.219+08:00  INFO 14745 --- [ai-agent] [main] o.hibernate.jpa.internal.util.LogHelper  : HHH000204: Processing PersistenceUnitInfo [name: default]
2025-06-02T10:51:39.246+08:00  INFO 14745 --- [ai-agent] [main] org.hibernate.Version                    : HHH000412: Hibernate ORM core version 6.6.15.Final
2025-06-02T10:51:39.260+08:00  INFO 14745 --- [ai-agent] [main] o.h.c.internal.RegionFactoryInitiator    : HHH000026: Second-level cache disabled
2025-06-02T10:51:39.395+08:00  INFO 14745 --- [ai-agent] [main] o.s.o.j.p.SpringPersistenceUnitInfo      : No LoadTimeWeaver setup: ignoring JPA class transformer
2025-06-02T10:51:39.408+08:00  INFO 14745 --- [ai-agent] [main] com.zaxxer.hikari.HikariDataSource       : HikariPool-1 - Starting...
2025-06-02T10:51:39.506+08:00  INFO 14745 --- [ai-agent] [main] com.zaxxer.hikari.pool.HikariPool        : HikariPool-1 - Added connection conn0: url=jdbc:h2:file:./h2-data/openmanus_db user=SA
2025-06-02T10:51:39.507+08:00  INFO 14745 --- [ai-agent] [main] com.zaxxer.hikari.HikariDataSource       : HikariPool-1 - Start completed.
2025-06-02T10:51:39.521+08:00  WARN 14745 --- [ai-agent] [main] org.hibernate.orm.deprecation            : HHH90000025: H2Dialect does not need to be specified explicitly using 'hibernate.dialect' (remove the property setting and it will be selected by default)
2025-06-02T10:51:39.529+08:00  INFO 14745 --- [ai-agent] [main] org.hibernate.orm.connections.pooling    : HHH10001005: Database info:
	Database JDBC URL [Connecting through datasource 'HikariDataSource (HikariPool-1)']
	Database driver: undefined/unknown
	Database version: 2.3.232
	Autocommit mode: undefined/unknown
	Isolation level: undefined/unknown
	Minimum pool size: undefined/unknown
	Maximum pool size: undefined/unknown
2025-06-02T10:51:39.917+08:00  INFO 14745 --- [ai-agent] [main] o.h.e.t.j.p.i.JtaPlatformInitiator       : HHH000489: No JTA platform available (set 'hibernate.transaction.jta.platform' to enable JTA platform integration)
2025-06-02T10:51:39.952+08:00  INFO 14745 --- [ai-agent] [main] j.LocalContainerEntityManagerFactoryBean : Initialized JPA EntityManagerFactory for persistence unit 'default'
2025-06-02T10:51:40.064+08:00  INFO 14745 --- [ai-agent] [main] o.s.d.j.r.query.QueryEnhancerFactory     : Hibernate is in classpath; If applicable, HQL parser will be used.
2025-06-02T10:51:40.296+08:00  INFO 14745 --- [ai-agent] [main] c.u.m.a.manus.config.ConfigService       : Found 40 configuration beans
2025-06-02T10:51:40.391+08:00  INFO 14745 --- [ai-agent] [main] c.u.m.a.m.d.a.s.DynamicAgentScanner      : 开始重置所有动态代理...
2025-06-02T10:51:40.397+08:00  INFO 14745 --- [ai-agent] [main] c.u.m.a.m.d.a.s.DynamicAgentScanner      : 动态代理重置完成
2025-06-02T10:51:40.650+08:00  WARN 14745 --- [ai-agent] [main] JpaBaseConfiguration$JpaWebConfiguration : spring.jpa.open-in-view is enabled by default. Therefore, database queries may be performed during view rendering. Explicitly configure spring.jpa.open-in-view to disable this warning
2025-06-02T10:51:40.750+08:00  INFO 14745 --- [ai-agent] [main] o.s.b.a.h2.H2ConsoleAutoConfiguration    : H2 console available at '/h2-console'. Database available at 'jdbc:h2:file:./h2-data/openmanus_db'
2025-06-02T10:51:40.773+08:00  INFO 14745 --- [ai-agent] [main] o.s.b.w.embedded.tomcat.TomcatWebServer  : Tomcat started on port 10086 (http) with context path '/'
2025-06-02T10:51:40.777+08:00  INFO 14745 --- [ai-agent] [main] c.ustc.myy.aiagent.AiAgentApplication    : Started AiAgentApplication in 2.329 seconds (process running for 2.55)
2025-06-02T10:51:40.780+08:00  INFO 14745 --- [ai-agent] [main] c.u.m.a.m.c.s.ConfigAppStartupListener   : Configuration system initialized with 7 total configs
2025-06-02T10:51:40.780+08:00  INFO 14745 --- [ai-agent] [main] c.u.m.a.m.c.s.ConfigAppStartupListener   : Group 'manus': 7 configs
2025-06-02T10:51:40.780+08:00  INFO 14745 --- [ai-agent] [main] c.u.m.a.m.c.s.ConfigAppStartupListener   : 1 configs are using custom values
2025-06-02T10:51:40.780+08:00  INFO 14745 --- [ai-agent] [main] c.u.m.a.m.c.s.ConfigAppStartupListener   : Starting to initialize dynamic agents...
2025-06-02T10:51:40.782+08:00  INFO 14745 --- [ai-agent] [main] c.u.m.a.m.d.a.s.DynamicAgentScanner      : 跳过动态代理重置
2025-06-02T10:51:40.782+08:00  INFO 14745 --- [ai-agent] [main] c.u.m.a.m.c.s.ConfigAppStartupListener   : Dynamic agents initialization completed
2025-06-02T10:51:40.783+08:00  INFO 14745 --- [ai-agent] [main] c.u.m.a.m.t.t.TextFileService            : TextFileService initialized
2025-06-02T10:51:40.784+08:00  INFO 14745 --- [ai-agent] [main] c.u.m.a.m.c.startUp.QueryCommandRunner   : 控制台交互模式未启用，跳过命令行查询
2025-06-02T10:51:40.784+08:00  INFO 14745 --- [ai-agent] [main] c.u.m.a.m.c.startUp.AppStartupListener   : 应用已启动，正在尝试打开浏览器访问: http://localhost:10086/
2025-06-02T10:51:40.808+08:00  INFO 14745 --- [ai-agent] [main] c.u.m.a.m.c.startUp.AppStartupListener   : 已通过macOS open命令成功打开浏览器
2025-06-02T10:51:40.938+08:00  INFO 14745 --- [ai-agent] [http-nio-10086-exec-1] o.a.c.c.C.[Tomcat].[localhost].[/]       : Initializing Spring DispatcherServlet 'dispatcherServlet'
2025-06-02T10:51:40.938+08:00  INFO 14745 --- [ai-agent] [http-nio-10086-exec-1] o.s.web.servlet.DispatcherServlet        : Initializing Servlet 'dispatcherServlet'
2025-06-02T10:51:40.939+08:00  INFO 14745 --- [ai-agent] [http-nio-10086-exec-1] o.s.web.servlet.DispatcherServlet        : Completed initialization in 1 ms
2025-06-02T10:51:54.927+08:00  INFO 14745 --- [ai-agent] [Thread-8] c.u.m.a.m.t.browser.ChromeDriverService  : JVM shutting down - cleaning up Playwright processes
2025-06-02T10:51:54.927+08:00  INFO 14745 --- [ai-agent] [Thread-8] c.u.m.a.m.t.browser.ChromeDriverService  : Successfully cleaned up all Playwright processes	
2025-06-02T10:51:54.928+08:00  INFO 14745 --- [ai-agent] [SpringApplicationShutdownHook] o.s.b.w.e.tomcat.GracefulShutdown        : Commencing graceful shutdown. Waiting for active requests to complete
